<?xml version="1.0" encoding="UTF-8"?>
<Site BuildName="Darwin-clang++"
	BuildStamp="20240102-0850-Experimental"
	Name="Hongs-MacBook-Pro.local"
	Generator="ctest-3.28.1"
	CompilerName="/usr/bin/clang++"
	CompilerVersion="14.0.3.14030022"
	OSName="macOS"
	Hostname="Hongs-MacBook-Pro.local"
	OSRelease="13.4.1"
	OSVersion="22F770820d"
	OSPlatform="x86_64"
	Is64Bits="1"
	VendorString="GenuineIntel"
	VendorID="Intel Corporation"
	FamilyID="6"
	ModelID="142"
	ProcessorCacheSize="32768"
	NumberOfLogicalCPU="8"
	NumberOfPhysicalCPU="4"
	TotalVirtualMemory="3072"
	TotalPhysicalMemory="8192"
	LogicalProcessorsPerPhysical="8"
	ProcessorClockFrequency="2300"
	>
	<Testing>
		<StartDateTime>Jan 02 03:50 EST</StartDateTime>
		<StartTestTime>1704185450</StartTestTime>
		<TestList/>
		<EndDateTime>Jan 02 03:50 EST</EndDateTime>
		<EndTestTime>1704185450</EndTestTime>
		<ElapsedMinutes>0</ElapsedMinutes>
	</Testing>
</Site>
